2021-11-15T03:15:33.842696-00:00 0 [System] [MY-013169] [Server] /usr/sbin/mysqld (mysqld 8.0.27) initializing of server in progress as process 43
2021-11-15T03:15:34.118598-00:00 0 [Warning] [MY-010159] [Server] Setting lower_case_table_names=2 because file system for /var/lib/mysql/ is case insensitive
2021-11-15T03:15:34.450285-00:00 1 [System] [MY-013576] [InnoDB] InnoDB initialization has started.
2021-11-15T03:15:54.163353-00:00 1 [System] [MY-013577] [InnoDB] InnoDB initialization has ended.
2021-11-15T03:16:20.045049-00:00 0 [Warning] [MY-013746] [Server] A deprecated TLS version TLSv1 is enabled for channel mysql_main
2021-11-15T03:16:20.048176-00:00 0 [Warning] [MY-013746] [Server] A deprecated TLS version TLSv1.1 is enabled for channel mysql_main
2021-11-15T03:16:20.247058-00:00 6 [Warning] [MY-010453] [Server] root@localhost is created with an empty password ! Please consider switching off the --initialize-insecure option.
2021-11-15T03:17:58.866793-00:00 0 [System] [MY-010116] [Server] /usr/sbin/mysqld (mysqld 8.0.27) starting as process 90
2021-11-15T03:17:58.943940-00:00 0 [Warning] [MY-010159] [Server] Setting lower_case_table_names=2 because file system for /var/lib/mysql/ is case insensitive
2021-11-15T03:17:59.453153-00:00 1 [System] [MY-013576] [InnoDB] InnoDB initialization has started.
2021-11-15T03:18:06.142168-00:00 1 [System] [MY-013577] [InnoDB] InnoDB initialization has ended.
2021-11-15T03:18:09.752748-00:00 0 [Warning] [MY-013746] [Server] A deprecated TLS version TLSv1 is enabled for channel mysql_main
2021-11-15T03:18:09.755431-00:00 0 [Warning] [MY-013746] [Server] A deprecated TLS version TLSv1.1 is enabled for channel mysql_main
2021-11-15T03:18:09.803552-00:00 0 [Warning] [MY-010068] [Server] CA certificate ca.pem is self signed.
2021-11-15T03:18:09.805394-00:00 0 [System] [MY-013602] [Server] Channel mysql_main configured to support TLS. Encrypted connections are now supported for this channel.
2021-11-15T03:18:09.834258-00:00 0 [Warning] [MY-011810] [Server] Insecure configuration for --pid-file: Location '/var/run/mysqld' in the path is accessible to all OS users. Consider choosing a different directory.
2021-11-15T03:18:10.173648-00:00 0 [System] [MY-010931] [Server] /usr/sbin/mysqld: ready for connections. Version: '8.0.27'  socket: '/var/run/mysqld/mysqld.sock'  port: 0  MySQL Community Server - GPL.
2021-11-15T03:18:10.176591-00:00 0 [System] [MY-011323] [Server] X Plugin ready for connections. Socket: /var/run/mysqld/mysqlx.sock
2021-11-15T03:21:03.385313-00:00 13 [System] [MY-013172] [Server] Received SHUTDOWN from user root. Shutting down mysqld (Version: 8.0.27).
2021-11-15T03:21:10.728400-00:00 0 [System] [MY-010910] [Server] /usr/sbin/mysqld: Shutdown complete (mysqld 8.0.27)  MySQL Community Server - GPL.
2021-11-15T03:21:12.541038-00:00 0 [System] [MY-010116] [Server] /usr/sbin/mysqld (mysqld 8.0.27) starting as process 1
2021-11-15T03:21:12.699615-00:00 0 [Warning] [MY-010159] [Server] Setting lower_case_table_names=2 because file system for /var/lib/mysql/ is case insensitive
2021-11-15T03:21:12.979227-00:00 1 [System] [MY-013576] [InnoDB] InnoDB initialization has started.
2021-11-15T03:21:29.440371-00:00 1 [System] [MY-013577] [InnoDB] InnoDB initialization has ended.
2021-11-15T03:21:36.069616-00:00 0 [Warning] [MY-013746] [Server] A deprecated TLS version TLSv1 is enabled for channel mysql_main
2021-11-15T03:21:36.110053-00:00 0 [Warning] [MY-013746] [Server] A deprecated TLS version TLSv1.1 is enabled for channel mysql_main
2021-11-15T03:21:36.227634-00:00 0 [Warning] [MY-010068] [Server] CA certificate ca.pem is self signed.
2021-11-15T03:21:36.278857-00:00 0 [System] [MY-013602] [Server] Channel mysql_main configured to support TLS. Encrypted connections are now supported for this channel.
2021-11-15T03:21:36.370636-00:00 0 [Warning] [MY-011810] [Server] Insecure configuration for --pid-file: Location '/var/run/mysqld' in the path is accessible to all OS users. Consider choosing a different directory.
2021-11-15T03:21:38.265200-00:00 0 [System] [MY-011323] [Server] X Plugin ready for connections. Bind-address: '::' port: 33060, socket: /var/run/mysqld/mysqlx.sock
2021-11-15T03:21:38.266513-00:00 0 [System] [MY-010931] [Server] /usr/sbin/mysqld: ready for connections. Version: '8.0.27'  socket: '/var/run/mysqld/mysqld.sock'  port: 3306  MySQL Community Server - GPL.
2021-11-15T03:32:25.674123-00:00 0 [System] [MY-013172] [Server] Received SHUTDOWN from user <via user signal>. Shutting down mysqld (Version: 8.0.27).
2021-11-15T03:32:27.339567-00:00 0 [System] [MY-010910] [Server] /usr/sbin/mysqld: Shutdown complete (mysqld 8.0.27)  MySQL Community Server - GPL.
2021-11-15T03:35:54.942020-00:00 0 [System] [MY-010116] [Server] /usr/sbin/mysqld (mysqld 8.0.27) starting as process 1
2021-11-15T03:35:54.973568-00:00 0 [Warning] [MY-010159] [Server] Setting lower_case_table_names=2 because file system for /var/lib/mysql/ is case insensitive
2021-11-15T03:35:55.066409-00:00 1 [System] [MY-013576] [InnoDB] InnoDB initialization has started.
2021-11-15T03:35:59.654391-00:00 1 [System] [MY-013577] [InnoDB] InnoDB initialization has ended.
2021-11-15T03:36:02.156346-00:00 0 [Warning] [MY-013746] [Server] A deprecated TLS version TLSv1 is enabled for channel mysql_main
2021-11-15T03:36:02.161258-00:00 0 [Warning] [MY-013746] [Server] A deprecated TLS version TLSv1.1 is enabled for channel mysql_main
2021-11-15T03:36:02.218864-00:00 0 [Warning] [MY-010068] [Server] CA certificate ca.pem is self signed.
2021-11-15T03:36:02.221293-00:00 0 [System] [MY-013602] [Server] Channel mysql_main configured to support TLS. Encrypted connections are now supported for this channel.
2021-11-15T03:36:02.249566-00:00 0 [Warning] [MY-011810] [Server] Insecure configuration for --pid-file: Location '/var/run/mysqld' in the path is accessible to all OS users. Consider choosing a different directory.
2021-11-15T03:36:02.821312-00:00 0 [System] [MY-011323] [Server] X Plugin ready for connections. Bind-address: '::' port: 33060, socket: /var/run/mysqld/mysqlx.sock
2021-11-15T03:36:02.821799-00:00 0 [System] [MY-010931] [Server] /usr/sbin/mysqld: ready for connections. Version: '8.0.27'  socket: '/var/run/mysqld/mysqld.sock'  port: 3306  MySQL Community Server - GPL.
2021-11-15T03:47:20.580260-00:00 0 [System] [MY-013172] [Server] Received SHUTDOWN from user <via user signal>. Shutting down mysqld (Version: 8.0.27).
2021-11-15T03:47:22.353878-00:00 0 [System] [MY-010910] [Server] /usr/sbin/mysqld: Shutdown complete (mysqld 8.0.27)  MySQL Community Server - GPL.
2021-11-15T03:55:21.047032-00:00 0 [System] [MY-010116] [Server] /usr/sbin/mysqld (mysqld 8.0.27) starting as process 1
2021-11-15T03:55:21.079991-00:00 0 [Warning] [MY-010159] [Server] Setting lower_case_table_names=2 because file system for /var/lib/mysql/ is case insensitive
2021-11-15T03:55:21.176265-00:00 1 [System] [MY-013576] [InnoDB] InnoDB initialization has started.
2021-11-15T03:55:26.714402-00:00 1 [System] [MY-013577] [InnoDB] InnoDB initialization has ended.
2021-11-15T03:55:29.182107-00:00 0 [Warning] [MY-013746] [Server] A deprecated TLS version TLSv1 is enabled for channel mysql_main
2021-11-15T03:55:29.183917-00:00 0 [Warning] [MY-013746] [Server] A deprecated TLS version TLSv1.1 is enabled for channel mysql_main
2021-11-15T03:55:29.282277-00:00 0 [Warning] [MY-010068] [Server] CA certificate ca.pem is self signed.
2021-11-15T03:55:29.283842-00:00 0 [System] [MY-013602] [Server] Channel mysql_main configured to support TLS. Encrypted connections are now supported for this channel.
2021-11-15T03:55:29.333834-00:00 0 [Warning] [MY-011810] [Server] Insecure configuration for --pid-file: Location '/var/run/mysqld' in the path is accessible to all OS users. Consider choosing a different directory.
2021-11-15T03:55:31.068672-00:00 0 [System] [MY-011323] [Server] X Plugin ready for connections. Bind-address: '::' port: 33060, socket: /var/run/mysqld/mysqlx.sock
2021-11-15T03:55:31.069278-00:00 0 [System] [MY-010931] [Server] /usr/sbin/mysqld: ready for connections. Version: '8.0.27'  socket: '/var/run/mysqld/mysqld.sock'  port: 3306  MySQL Community Server - GPL.
2021-11-15T04:00:33.854642-00:00 0 [System] [MY-013172] [Server] Received SHUTDOWN from user <via user signal>. Shutting down mysqld (Version: 8.0.27).
2021-11-15T04:00:35.394654-00:00 0 [System] [MY-010910] [Server] /usr/sbin/mysqld: Shutdown complete (mysqld 8.0.27)  MySQL Community Server - GPL.
2021-11-15T04:12:35.780091-00:00 0 [System] [MY-010116] [Server] /usr/sbin/mysqld (mysqld 8.0.27) starting as process 1
2021-11-15T04:12:35.812178-00:00 0 [Warning] [MY-010159] [Server] Setting lower_case_table_names=2 because file system for /var/lib/mysql/ is case insensitive
2021-11-15T04:12:36.077793-00:00 1 [System] [MY-013576] [InnoDB] InnoDB initialization has started.
2021-11-15T04:12:41.466522-00:00 1 [System] [MY-013577] [InnoDB] InnoDB initialization has ended.
2021-11-15T04:12:45.044204-00:00 0 [Warning] [MY-013746] [Server] A deprecated TLS version TLSv1 is enabled for channel mysql_main
2021-11-15T04:12:45.046022-00:00 0 [Warning] [MY-013746] [Server] A deprecated TLS version TLSv1.1 is enabled for channel mysql_main
2021-11-15T04:12:45.088820-00:00 0 [Warning] [MY-010068] [Server] CA certificate ca.pem is self signed.
2021-11-15T04:12:45.090047-00:00 0 [System] [MY-013602] [Server] Channel mysql_main configured to support TLS. Encrypted connections are now supported for this channel.
2021-11-15T04:12:45.138300-00:00 0 [Warning] [MY-011810] [Server] Insecure configuration for --pid-file: Location '/var/run/mysqld' in the path is accessible to all OS users. Consider choosing a different directory.
2021-11-15T04:12:45.574044-00:00 0 [System] [MY-011323] [Server] X Plugin ready for connections. Bind-address: '::' port: 33060, socket: /var/run/mysqld/mysqlx.sock
2021-11-15T04:12:45.574128-00:00 0 [System] [MY-010931] [Server] /usr/sbin/mysqld: ready for connections. Version: '8.0.27'  socket: '/var/run/mysqld/mysqld.sock'  port: 3306  MySQL Community Server - GPL.
2021-11-17T04:07:45.769342-00:00 0 [System] [MY-013172] [Server] Received SHUTDOWN from user <via user signal>. Shutting down mysqld (Version: 8.0.27).
2021-11-17T04:07:49.585219-00:00 0 [System] [MY-010910] [Server] /usr/sbin/mysqld: Shutdown complete (mysqld 8.0.27)  MySQL Community Server - GPL.
2021-11-17T04:08:06.914468-00:00 0 [System] [MY-010116] [Server] /usr/sbin/mysqld (mysqld 8.0.27) starting as process 1
2021-11-17T04:08:06.933782-00:00 0 [Warning] [MY-010159] [Server] Setting lower_case_table_names=2 because file system for /var/lib/mysql/ is case insensitive
2021-11-17T04:08:07.029641-00:00 1 [System] [MY-013576] [InnoDB] InnoDB initialization has started.
2021-11-17T04:08:09.943161-00:00 1 [System] [MY-013577] [InnoDB] InnoDB initialization has ended.
2021-11-17T04:08:11.504941-00:00 0 [Warning] [MY-013746] [Server] A deprecated TLS version TLSv1 is enabled for channel mysql_main
2021-11-17T04:08:11.507165-00:00 0 [Warning] [MY-013746] [Server] A deprecated TLS version TLSv1.1 is enabled for channel mysql_main
2021-11-17T04:08:11.555157-00:00 0 [Warning] [MY-010068] [Server] CA certificate ca.pem is self signed.
2021-11-17T04:08:11.558655-00:00 0 [System] [MY-013602] [Server] Channel mysql_main configured to support TLS. Encrypted connections are now supported for this channel.
2021-11-17T04:08:11.594475-00:00 0 [Warning] [MY-011810] [Server] Insecure configuration for --pid-file: Location '/var/run/mysqld' in the path is accessible to all OS users. Consider choosing a different directory.
2021-11-17T04:08:11.912725-00:00 0 [System] [MY-011323] [Server] X Plugin ready for connections. Bind-address: '::' port: 33060, socket: /var/run/mysqld/mysqlx.sock
2021-11-17T04:08:11.912984-00:00 0 [System] [MY-010931] [Server] /usr/sbin/mysqld: ready for connections. Version: '8.0.27'  socket: '/var/run/mysqld/mysqld.sock'  port: 3306  MySQL Community Server - GPL.
2021-11-27T12:25:20.808491-00:00 0 [System] [MY-013172] [Server] Received SHUTDOWN from user <via user signal>. Shutting down mysqld (Version: 8.0.27).
2021-11-27T14:20:09.853790-00:00 0 [System] [MY-010116] [Server] /usr/sbin/mysqld (mysqld 8.0.27) starting as process 1
2021-11-27T14:20:09.881183-00:00 0 [Warning] [MY-010159] [Server] Setting lower_case_table_names=2 because file system for /var/lib/mysql/ is case insensitive
2021-11-27T14:20:10.137242-00:00 1 [System] [MY-013576] [InnoDB] InnoDB initialization has started.
2021-11-27T14:20:24.394453-00:00 1 [System] [MY-013577] [InnoDB] InnoDB initialization has ended.
2021-11-27T14:20:27.094500-00:00 0 [Warning] [MY-013746] [Server] A deprecated TLS version TLSv1 is enabled for channel mysql_main
2021-11-27T14:20:27.102931-00:00 0 [Warning] [MY-013746] [Server] A deprecated TLS version TLSv1.1 is enabled for channel mysql_main
2021-11-27T14:20:27.268814-00:00 0 [Warning] [MY-010068] [Server] CA certificate ca.pem is self signed.
2021-11-27T14:20:27.271048-00:00 0 [System] [MY-013602] [Server] Channel mysql_main configured to support TLS. Encrypted connections are now supported for this channel.
2021-11-27T14:20:27.327997-00:00 0 [Warning] [MY-011810] [Server] Insecure configuration for --pid-file: Location '/var/run/mysqld' in the path is accessible to all OS users. Consider choosing a different directory.
2021-11-27T14:20:28.167658-00:00 0 [System] [MY-011323] [Server] X Plugin ready for connections. Bind-address: '::' port: 33060, socket: /var/run/mysqld/mysqlx.sock
2021-11-27T14:20:28.175978-00:00 0 [System] [MY-010931] [Server] /usr/sbin/mysqld: ready for connections. Version: '8.0.27'  socket: '/var/run/mysqld/mysqld.sock'  port: 3306  MySQL Community Server - GPL.
2021-11-29T00:32:20.046518-00:00 0 [System] [MY-010116] [Server] /usr/sbin/mysqld (mysqld 8.0.27) starting as process 1
2021-11-29T00:32:20.101549-00:00 0 [Warning] [MY-010159] [Server] Setting lower_case_table_names=2 because file system for /var/lib/mysql/ is case insensitive
2021-11-29T00:32:20.851410-00:00 1 [System] [MY-013576] [InnoDB] InnoDB initialization has started.
2021-11-29T00:32:28.582575-00:00 1 [System] [MY-013577] [InnoDB] InnoDB initialization has ended.
2021-11-29T00:32:33.458499-00:00 0 [System] [MY-010229] [Server] Starting XA crash recovery...
2021-11-29T00:32:33.526102-00:00 0 [System] [MY-010232] [Server] XA crash recovery finished.
2021-11-29T00:32:34.168818-00:00 0 [Warning] [MY-013746] [Server] A deprecated TLS version TLSv1 is enabled for channel mysql_main
2021-11-29T00:32:34.175612-00:00 0 [Warning] [MY-013746] [Server] A deprecated TLS version TLSv1.1 is enabled for channel mysql_main
2021-11-29T00:32:34.396403-00:00 0 [Warning] [MY-010068] [Server] CA certificate ca.pem is self signed.
2021-11-29T00:32:34.401058-00:00 0 [System] [MY-013602] [Server] Channel mysql_main configured to support TLS. Encrypted connections are now supported for this channel.
2021-11-29T00:32:34.466403-00:00 0 [Warning] [MY-011810] [Server] Insecure configuration for --pid-file: Location '/var/run/mysqld' in the path is accessible to all OS users. Consider choosing a different directory.
2021-11-29T00:32:34.950439-00:00 0 [System] [MY-011323] [Server] X Plugin ready for connections. Bind-address: '::' port: 33060, socket: /var/run/mysqld/mysqlx.sock
2021-11-29T00:32:34.952584-00:00 0 [System] [MY-010931] [Server] /usr/sbin/mysqld: ready for connections. Version: '8.0.27'  socket: '/var/run/mysqld/mysqld.sock'  port: 3306  MySQL Community Server - GPL.
2021-11-29T00:51:44.168745-00:00 0 [System] [MY-010116] [Server] /usr/sbin/mysqld (mysqld 8.0.27) starting as process 1
2021-11-29T00:51:44.240351-00:00 0 [Warning] [MY-010159] [Server] Setting lower_case_table_names=2 because file system for /var/lib/mysql/ is case insensitive
2021-11-29T00:51:44.402426-00:00 1 [System] [MY-013576] [InnoDB] InnoDB initialization has started.
2021-11-29T00:51:50.521506-00:00 1 [System] [MY-013577] [InnoDB] InnoDB initialization has ended.
2021-11-29T00:51:51.987420-00:00 0 [System] [MY-010229] [Server] Starting XA crash recovery...
2021-11-29T00:51:52.150329-00:00 0 [System] [MY-010232] [Server] XA crash recovery finished.
2021-11-29T00:51:53.066464-00:00 0 [Warning] [MY-013746] [Server] A deprecated TLS version TLSv1 is enabled for channel mysql_main
2021-11-29T00:51:53.069327-00:00 0 [Warning] [MY-013746] [Server] A deprecated TLS version TLSv1.1 is enabled for channel mysql_main
2021-11-29T00:51:53.095082-00:00 0 [Warning] [MY-010068] [Server] CA certificate ca.pem is self signed.
2021-11-29T00:51:53.099368-00:00 0 [System] [MY-013602] [Server] Channel mysql_main configured to support TLS. Encrypted connections are now supported for this channel.
2021-11-29T00:51:53.148975-00:00 0 [Warning] [MY-011810] [Server] Insecure configuration for --pid-file: Location '/var/run/mysqld' in the path is accessible to all OS users. Consider choosing a different directory.
2021-11-29T00:51:54.164264-00:00 0 [System] [MY-011323] [Server] X Plugin ready for connections. Bind-address: '::' port: 33060, socket: /var/run/mysqld/mysqlx.sock
2021-11-29T00:51:54.164413-00:00 0 [System] [MY-010931] [Server] /usr/sbin/mysqld: ready for connections. Version: '8.0.27'  socket: '/var/run/mysqld/mysqld.sock'  port: 3306  MySQL Community Server - GPL.
2021-11-29T01:14:00.619106-00:00 0 [System] [MY-013172] [Server] Received SHUTDOWN from user <via user signal>. Shutting down mysqld (Version: 8.0.27).
2021-11-29T01:14:01.625792-00:00 0 [System] [MY-010910] [Server] /usr/sbin/mysqld: Shutdown complete (mysqld 8.0.27)  MySQL Community Server - GPL.
2021-11-29T01:16:41.277128-00:00 0 [System] [MY-010116] [Server] /usr/sbin/mysqld (mysqld 8.0.27) starting as process 1
2021-11-29T01:16:41.313258-00:00 0 [Warning] [MY-010159] [Server] Setting lower_case_table_names=2 because file system for /var/lib/mysql/ is case insensitive
2021-11-29T01:16:41.448955-00:00 1 [System] [MY-013576] [InnoDB] InnoDB initialization has started.
2021-11-29T01:16:47.046005-00:00 1 [System] [MY-013577] [InnoDB] InnoDB initialization has ended.
2021-11-29T01:16:56.373247-00:00 0 [Warning] [MY-013746] [Server] A deprecated TLS version TLSv1 is enabled for channel mysql_main
2021-11-29T01:16:56.444933-00:00 0 [Warning] [MY-013746] [Server] A deprecated TLS version TLSv1.1 is enabled for channel mysql_main
2021-11-29T01:16:56.508398-00:00 0 [Warning] [MY-010068] [Server] CA certificate ca.pem is self signed.
2021-11-29T01:16:56.511769-00:00 0 [System] [MY-013602] [Server] Channel mysql_main configured to support TLS. Encrypted connections are now supported for this channel.
2021-11-29T01:16:56.553529-00:00 0 [Warning] [MY-011810] [Server] Insecure configuration for --pid-file: Location '/var/run/mysqld' in the path is accessible to all OS users. Consider choosing a different directory.
2021-11-29T01:16:57.969193-00:00 0 [System] [MY-010931] [Server] /usr/sbin/mysqld: ready for connections. Version: '8.0.27'  socket: '/var/run/mysqld/mysqld.sock'  port: 3306  MySQL Community Server - GPL.
2021-11-29T01:16:57.969469-00:00 0 [System] [MY-011323] [Server] X Plugin ready for connections. Bind-address: '::' port: 33060, socket: /var/run/mysqld/mysqlx.sock
2021-12-08T02:04:38.670864-00:00 0 [System] [MY-010116] [Server] /usr/sbin/mysqld (mysqld 8.0.27) starting as process 1
2021-12-08T02:04:38.683710-00:00 0 [Warning] [MY-010159] [Server] Setting lower_case_table_names=2 because file system for /var/lib/mysql/ is case insensitive
2021-12-08T02:04:38.744959-00:00 1 [System] [MY-013576] [InnoDB] InnoDB initialization has started.
2021-12-08T02:04:43.196111-00:00 1 [System] [MY-013577] [InnoDB] InnoDB initialization has ended.
2021-12-08T02:04:43.995762-00:00 0 [System] [MY-010229] [Server] Starting XA crash recovery...
2021-12-08T02:04:44.044592-00:00 0 [System] [MY-010232] [Server] XA crash recovery finished.
2021-12-08T02:04:44.282726-00:00 0 [Warning] [MY-013746] [Server] A deprecated TLS version TLSv1 is enabled for channel mysql_main
2021-12-08T02:04:44.284158-00:00 0 [Warning] [MY-013746] [Server] A deprecated TLS version TLSv1.1 is enabled for channel mysql_main
2021-12-08T02:04:44.305732-00:00 0 [Warning] [MY-010068] [Server] CA certificate ca.pem is self signed.
2021-12-08T02:04:44.307948-00:00 0 [System] [MY-013602] [Server] Channel mysql_main configured to support TLS. Encrypted connections are now supported for this channel.
2021-12-08T02:04:44.329201-00:00 0 [Warning] [MY-011810] [Server] Insecure configuration for --pid-file: Location '/var/run/mysqld' in the path is accessible to all OS users. Consider choosing a different directory.
2021-12-08T02:04:44.540577-00:00 0 [System] [MY-011323] [Server] X Plugin ready for connections. Bind-address: '::' port: 33060, socket: /var/run/mysqld/mysqlx.sock
2021-12-08T02:04:44.541430-00:00 0 [System] [MY-010931] [Server] /usr/sbin/mysqld: ready for connections. Version: '8.0.27'  socket: '/var/run/mysqld/mysqld.sock'  port: 3306  MySQL Community Server - GPL.
2021-12-11T13:11:31.518870-00:00 0 [System] [MY-010116] [Server] /usr/sbin/mysqld (mysqld 8.0.27) starting as process 1
2021-12-11T13:11:31.557672-00:00 0 [Warning] [MY-010159] [Server] Setting lower_case_table_names=2 because file system for /var/lib/mysql/ is case insensitive
2021-12-11T13:11:31.630344-00:00 1 [System] [MY-013576] [InnoDB] InnoDB initialization has started.
2021-12-11T13:11:35.454542-00:00 1 [System] [MY-013577] [InnoDB] InnoDB initialization has ended.
2021-12-11T13:11:36.486332-00:00 0 [System] [MY-010229] [Server] Starting XA crash recovery...
2021-12-11T13:11:36.522943-00:00 0 [System] [MY-010232] [Server] XA crash recovery finished.
2021-12-11T13:11:37.180989-00:00 0 [Warning] [MY-013746] [Server] A deprecated TLS version TLSv1 is enabled for channel mysql_main
2021-12-11T13:11:37.183946-00:00 0 [Warning] [MY-013746] [Server] A deprecated TLS version TLSv1.1 is enabled for channel mysql_main
2021-12-11T13:11:37.224583-00:00 0 [Warning] [MY-010068] [Server] CA certificate ca.pem is self signed.
2021-12-11T13:11:37.226338-00:00 0 [System] [MY-013602] [Server] Channel mysql_main configured to support TLS. Encrypted connections are now supported for this channel.
2021-12-11T13:11:37.257050-00:00 0 [Warning] [MY-011810] [Server] Insecure configuration for --pid-file: Location '/var/run/mysqld' in the path is accessible to all OS users. Consider choosing a different directory.
2021-12-11T13:11:37.587261-00:00 0 [System] [MY-011323] [Server] X Plugin ready for connections. Bind-address: '::' port: 33060, socket: /var/run/mysqld/mysqlx.sock
2021-12-11T13:11:37.587600-00:00 0 [System] [MY-010931] [Server] /usr/sbin/mysqld: ready for connections. Version: '8.0.27'  socket: '/var/run/mysqld/mysqld.sock'  port: 3306  MySQL Community Server - GPL.
2021-12-11T14:09:07.347914-00:00 0 [System] [MY-013172] [Server] Received SHUTDOWN from user <via user signal>. Shutting down mysqld (Version: 8.0.27).
2021-12-11T14:09:09.976700-00:00 0 [System] [MY-010910] [Server] /usr/sbin/mysqld: Shutdown complete (mysqld 8.0.27)  MySQL Community Server - GPL.
2021-12-11T14:10:48.261790-00:00 0 [System] [MY-010116] [Server] /usr/sbin/mysqld (mysqld 8.0.27) starting as process 1
2021-12-11T14:10:48.278310-00:00 0 [Warning] [MY-010159] [Server] Setting lower_case_table_names=2 because file system for /var/lib/mysql/ is case insensitive
2021-12-11T14:10:48.320149-00:00 1 [System] [MY-013576] [InnoDB] InnoDB initialization has started.
2021-12-11T14:10:53.424888-00:00 1 [System] [MY-013577] [InnoDB] InnoDB initialization has ended.
2021-12-11T14:10:56.867663-00:00 0 [Warning] [MY-013746] [Server] A deprecated TLS version TLSv1 is enabled for channel mysql_main
2021-12-11T14:10:56.876156-00:00 0 [Warning] [MY-013746] [Server] A deprecated TLS version TLSv1.1 is enabled for channel mysql_main
2021-12-11T14:10:56.909373-00:00 0 [Warning] [MY-010068] [Server] CA certificate ca.pem is self signed.
2021-12-11T14:10:56.911070-00:00 0 [System] [MY-013602] [Server] Channel mysql_main configured to support TLS. Encrypted connections are now supported for this channel.
2021-12-11T14:10:56.965519-00:00 0 [Warning] [MY-011810] [Server] Insecure configuration for --pid-file: Location '/var/run/mysqld' in the path is accessible to all OS users. Consider choosing a different directory.
2021-12-11T14:10:57.624605-00:00 0 [System] [MY-011323] [Server] X Plugin ready for connections. Bind-address: '::' port: 33060, socket: /var/run/mysqld/mysqlx.sock
2021-12-11T14:10:57.625539-00:00 0 [System] [MY-010931] [Server] /usr/sbin/mysqld: ready for connections. Version: '8.0.27'  socket: '/var/run/mysqld/mysqld.sock'  port: 3306  MySQL Community Server - GPL.
2021-12-16T14:07:51.590858-00:00 0 [System] [MY-013172] [Server] Received SHUTDOWN from user <via user signal>. Shutting down mysqld (Version: 8.0.27).
2021-12-16T14:07:54.979312-00:00 0 [System] [MY-010910] [Server] /usr/sbin/mysqld: Shutdown complete (mysqld 8.0.27)  MySQL Community Server - GPL.
2021-12-18T12:42:07.684463-00:00 0 [System] [MY-010116] [Server] /usr/sbin/mysqld (mysqld 8.0.27) starting as process 1
2021-12-18T12:42:07.705998-00:00 0 [Warning] [MY-010159] [Server] Setting lower_case_table_names=2 because file system for /var/lib/mysql/ is case insensitive
2021-12-18T12:42:07.769532-00:00 1 [System] [MY-013576] [InnoDB] InnoDB initialization has started.
2021-12-18T12:42:11.756057-00:00 1 [System] [MY-013577] [InnoDB] InnoDB initialization has ended.
2021-12-18T12:42:13.164987-00:00 0 [Warning] [MY-013746] [Server] A deprecated TLS version TLSv1 is enabled for channel mysql_main
2021-12-18T12:42:13.165951-00:00 0 [Warning] [MY-013746] [Server] A deprecated TLS version TLSv1.1 is enabled for channel mysql_main
2021-12-18T12:42:13.190547-00:00 0 [Warning] [MY-010068] [Server] CA certificate ca.pem is self signed.
2021-12-18T12:42:13.191526-00:00 0 [System] [MY-013602] [Server] Channel mysql_main configured to support TLS. Encrypted connections are now supported for this channel.
2021-12-18T12:42:13.225470-00:00 0 [Warning] [MY-011810] [Server] Insecure configuration for --pid-file: Location '/var/run/mysqld' in the path is accessible to all OS users. Consider choosing a different directory.
2021-12-18T12:42:13.580746-00:00 0 [System] [MY-011323] [Server] X Plugin ready for connections. Bind-address: '::' port: 33060, socket: /var/run/mysqld/mysqlx.sock
2021-12-18T12:42:13.580786-00:00 0 [System] [MY-010931] [Server] /usr/sbin/mysqld: ready for connections. Version: '8.0.27'  socket: '/var/run/mysqld/mysqld.sock'  port: 3306  MySQL Community Server - GPL.
2022-01-08T14:37:24.877349-00:00 0 [System] [MY-010116] [Server] /usr/sbin/mysqld (mysqld 8.0.27) starting as process 1
2022-01-08T14:37:24.907383-00:00 0 [Warning] [MY-010159] [Server] Setting lower_case_table_names=2 because file system for /var/lib/mysql/ is case insensitive
2022-01-08T14:37:24.972823-00:00 1 [System] [MY-013576] [InnoDB] InnoDB initialization has started.
2022-01-08T14:37:29.281348-00:00 1 [System] [MY-013577] [InnoDB] InnoDB initialization has ended.
2022-01-08T14:37:32.723172-00:00 0 [System] [MY-010229] [Server] Starting XA crash recovery...
2022-01-08T14:37:32.805278-00:00 0 [System] [MY-010232] [Server] XA crash recovery finished.
2022-01-08T14:37:33.284679-00:00 0 [Warning] [MY-013746] [Server] A deprecated TLS version TLSv1 is enabled for channel mysql_main
2022-01-08T14:37:33.286123-00:00 0 [Warning] [MY-013746] [Server] A deprecated TLS version TLSv1.1 is enabled for channel mysql_main
2022-01-08T14:37:33.321112-00:00 0 [Warning] [MY-010068] [Server] CA certificate ca.pem is self signed.
2022-01-08T14:37:33.323132-00:00 0 [System] [MY-013602] [Server] Channel mysql_main configured to support TLS. Encrypted connections are now supported for this channel.
2022-01-08T14:37:33.420042-00:00 0 [Warning] [MY-011810] [Server] Insecure configuration for --pid-file: Location '/var/run/mysqld' in the path is accessible to all OS users. Consider choosing a different directory.
2022-01-08T14:37:34.437215-00:00 0 [System] [MY-011323] [Server] X Plugin ready for connections. Bind-address: '::' port: 33060, socket: /var/run/mysqld/mysqlx.sock
2022-01-08T14:37:34.437585-00:00 0 [System] [MY-010931] [Server] /usr/sbin/mysqld: ready for connections. Version: '8.0.27'  socket: '/var/run/mysqld/mysqld.sock'  port: 3306  MySQL Community Server - GPL.
2022-01-08T14:38:20.447232-00:00 0 [System] [MY-013172] [Server] Received SHUTDOWN from user <via user signal>. Shutting down mysqld (Version: 8.0.27).
2022-01-08T14:38:21.605288-00:00 0 [System] [MY-010910] [Server] /usr/sbin/mysqld: Shutdown complete (mysqld 8.0.27)  MySQL Community Server - GPL.
