2021-11-12T01:00:12.366900-00:00 0 [System] [MY-013169] [Server] /usr/sbin/mysqld (mysqld 8.0.27) initializing of server in progress as process 44
2021-11-12T01:00:12.486653-00:00 0 [Warning] [MY-010159] [Server] Setting lower_case_table_names=2 because file system for /var/lib/mysql/ is case insensitive
2021-11-12T01:00:12.623709-00:00 1 [System] [MY-013576] [InnoDB] InnoDB initialization has started.
2021-11-12T01:00:27.165825-00:00 1 [System] [MY-013577] [InnoDB] InnoDB initialization has ended.
2021-11-12T01:00:40.516990-00:00 0 [Warning] [MY-013746] [Server] A deprecated TLS version TLSv1 is enabled for channel mysql_main
2021-11-12T01:00:40.522239-00:00 0 [Warning] [MY-013746] [Server] A deprecated TLS version TLSv1.1 is enabled for channel mysql_main
2021-11-12T01:00:40.932059-00:00 6 [Warning] [MY-010453] [Server] root@localhost is created with an empty password ! Please consider switching off the --initialize-insecure option.
2021-11-12T01:01:48.316582-00:00 0 [System] [MY-010116] [Server] /usr/sbin/mysqld (mysqld 8.0.27) starting as process 91
2021-11-12T01:01:48.373672-00:00 0 [Warning] [MY-010159] [Server] Setting lower_case_table_names=2 because file system for /var/lib/mysql/ is case insensitive
2021-11-12T01:01:48.570475-00:00 1 [System] [MY-013576] [InnoDB] InnoDB initialization has started.
2021-11-12T01:01:52.566978-00:00 1 [System] [MY-013577] [InnoDB] InnoDB initialization has ended.
2021-11-12T01:01:54.744347-00:00 0 [Warning] [MY-013746] [Server] A deprecated TLS version TLSv1 is enabled for channel mysql_main
2021-11-12T01:01:54.748146-00:00 0 [Warning] [MY-013746] [Server] A deprecated TLS version TLSv1.1 is enabled for channel mysql_main
2021-11-12T01:01:54.768404-00:00 0 [Warning] [MY-010068] [Server] CA certificate ca.pem is self signed.
2021-11-12T01:01:54.770725-00:00 0 [System] [MY-013602] [Server] Channel mysql_main configured to support TLS. Encrypted connections are now supported for this channel.
2021-11-12T01:01:54.799573-00:00 0 [Warning] [MY-011810] [Server] Insecure configuration for --pid-file: Location '/var/run/mysqld' in the path is accessible to all OS users. Consider choosing a different directory.
2021-11-12T01:01:55.086101-00:00 0 [System] [MY-011323] [Server] X Plugin ready for connections. Socket: /var/run/mysqld/mysqlx.sock
2021-11-12T01:01:55.088649-00:00 0 [System] [MY-010931] [Server] /usr/sbin/mysqld: ready for connections. Version: '8.0.27'  socket: '/var/run/mysqld/mysqld.sock'  port: 0  MySQL Community Server - GPL.
2021-11-12T01:03:25.135923-00:00 13 [System] [MY-013172] [Server] Received SHUTDOWN from user root. Shutting down mysqld (Version: 8.0.27).
2021-11-12T01:03:28.944231-00:00 0 [System] [MY-010910] [Server] /usr/sbin/mysqld: Shutdown complete (mysqld 8.0.27)  MySQL Community Server - GPL.
2021-11-12T01:03:31.682571-00:00 0 [System] [MY-010116] [Server] /usr/sbin/mysqld (mysqld 8.0.27) starting as process 1
2021-11-12T01:03:31.719539-00:00 0 [Warning] [MY-010159] [Server] Setting lower_case_table_names=2 because file system for /var/lib/mysql/ is case insensitive
2021-11-12T01:03:31.793513-00:00 1 [System] [MY-013576] [InnoDB] InnoDB initialization has started.
2021-11-12T01:03:36.200172-00:00 1 [System] [MY-013577] [InnoDB] InnoDB initialization has ended.
2021-11-12T01:03:40.211076-00:00 0 [Warning] [MY-013746] [Server] A deprecated TLS version TLSv1 is enabled for channel mysql_main
2021-11-12T01:03:40.216733-00:00 0 [Warning] [MY-013746] [Server] A deprecated TLS version TLSv1.1 is enabled for channel mysql_main
2021-11-12T01:03:40.251877-00:00 0 [Warning] [MY-010068] [Server] CA certificate ca.pem is self signed.
2021-11-12T01:03:40.255431-00:00 0 [System] [MY-013602] [Server] Channel mysql_main configured to support TLS. Encrypted connections are now supported for this channel.
2021-11-12T01:03:40.297878-00:00 0 [Warning] [MY-011810] [Server] Insecure configuration for --pid-file: Location '/var/run/mysqld' in the path is accessible to all OS users. Consider choosing a different directory.
2021-11-12T01:03:40.995295-00:00 0 [System] [MY-011323] [Server] X Plugin ready for connections. Bind-address: '::' port: 33060, socket: /var/run/mysqld/mysqlx.sock
2021-11-12T01:03:40.997891-00:00 0 [System] [MY-010931] [Server] /usr/sbin/mysqld: ready for connections. Version: '8.0.27'  socket: '/var/run/mysqld/mysqld.sock'  port: 3306  MySQL Community Server - GPL.
2021-11-12T01:52:06.830594-00:00 0 [System] [MY-013172] [Server] Received SHUTDOWN from user <via user signal>. Shutting down mysqld (Version: 8.0.27).
2021-11-12T01:52:09.425167-00:00 0 [System] [MY-010910] [Server] /usr/sbin/mysqld: Shutdown complete (mysqld 8.0.27)  MySQL Community Server - GPL.
2021-11-12T01:52:33.684544-00:00 0 [System] [MY-010116] [Server] /usr/sbin/mysqld (mysqld 8.0.27) starting as process 1
2021-11-12T01:52:33.714230-00:00 0 [Warning] [MY-010159] [Server] Setting lower_case_table_names=2 because file system for /var/lib/mysql/ is case insensitive
2021-11-12T01:52:33.799124-00:00 1 [System] [MY-013576] [InnoDB] InnoDB initialization has started.
2021-11-12T01:52:38.142083-00:00 1 [System] [MY-013577] [InnoDB] InnoDB initialization has ended.
2021-11-12T01:52:41.457762-00:00 0 [Warning] [MY-013746] [Server] A deprecated TLS version TLSv1 is enabled for channel mysql_main
2021-11-12T01:52:41.464529-00:00 0 [Warning] [MY-013746] [Server] A deprecated TLS version TLSv1.1 is enabled for channel mysql_main
2021-11-12T01:52:41.507532-00:00 0 [Warning] [MY-010068] [Server] CA certificate ca.pem is self signed.
2021-11-12T01:52:41.509508-00:00 0 [System] [MY-013602] [Server] Channel mysql_main configured to support TLS. Encrypted connections are now supported for this channel.
2021-11-12T01:52:41.568828-00:00 0 [Warning] [MY-011810] [Server] Insecure configuration for --pid-file: Location '/var/run/mysqld' in the path is accessible to all OS users. Consider choosing a different directory.
2021-11-12T01:52:42.134117-00:00 0 [System] [MY-010931] [Server] /usr/sbin/mysqld: ready for connections. Version: '8.0.27'  socket: '/var/run/mysqld/mysqld.sock'  port: 3306  MySQL Community Server - GPL.
2021-11-12T01:52:42.134118-00:00 0 [System] [MY-011323] [Server] X Plugin ready for connections. Bind-address: '::' port: 33060, socket: /var/run/mysqld/mysqlx.sock
2021-11-12T01:59:01.589664-00:00 0 [System] [MY-013172] [Server] Received SHUTDOWN from user <via user signal>. Shutting down mysqld (Version: 8.0.27).
2021-11-12T01:59:06.925770-00:00 0 [System] [MY-010910] [Server] /usr/sbin/mysqld: Shutdown complete (mysqld 8.0.27)  MySQL Community Server - GPL.
2021-11-12T01:59:57.024491-00:00 0 [System] [MY-010116] [Server] /usr/sbin/mysqld (mysqld 8.0.27) starting as process 1
2021-11-12T01:59:57.056998-00:00 0 [Warning] [MY-010159] [Server] Setting lower_case_table_names=2 because file system for /var/lib/mysql/ is case insensitive
2021-11-12T01:59:57.160796-00:00 1 [System] [MY-013576] [InnoDB] InnoDB initialization has started.
2021-11-12T02:00:07.981575-00:00 1 [System] [MY-013577] [InnoDB] InnoDB initialization has ended.
2021-11-12T02:00:10.495475-00:00 0 [Warning] [MY-013746] [Server] A deprecated TLS version TLSv1 is enabled for channel mysql_main
2021-11-12T02:00:10.500141-00:00 0 [Warning] [MY-013746] [Server] A deprecated TLS version TLSv1.1 is enabled for channel mysql_main
2021-11-12T02:00:10.574255-00:00 0 [Warning] [MY-010068] [Server] CA certificate ca.pem is self signed.
2021-11-12T02:00:10.578704-00:00 0 [System] [MY-013602] [Server] Channel mysql_main configured to support TLS. Encrypted connections are now supported for this channel.
2021-11-12T02:00:10.626736-00:00 0 [Warning] [MY-011810] [Server] Insecure configuration for --pid-file: Location '/var/run/mysqld' in the path is accessible to all OS users. Consider choosing a different directory.
2021-11-12T02:00:11.687049-00:00 0 [System] [MY-011323] [Server] X Plugin ready for connections. Bind-address: '::' port: 33060, socket: /var/run/mysqld/mysqlx.sock
2021-11-12T02:00:11.687460-00:00 0 [System] [MY-010931] [Server] /usr/sbin/mysqld: ready for connections. Version: '8.0.27'  socket: '/var/run/mysqld/mysqld.sock'  port: 3306  MySQL Community Server - GPL.
2021-11-12T02:02:03.143894-00:00 0 [System] [MY-013172] [Server] Received SHUTDOWN from user <via user signal>. Shutting down mysqld (Version: 8.0.27).
2021-11-12T02:02:05.047959-00:00 0 [System] [MY-010910] [Server] /usr/sbin/mysqld: Shutdown complete (mysqld 8.0.27)  MySQL Community Server - GPL.
