/usr/sbin/mysqld, Version: 8.0.27 (MySQL Community Server - GPL). started with:
Tcp port: 0  Unix socket: /var/run/mysqld/mysqld.sock
Time                 Id Command    Argument
/usr/sbin/mysqld, Version: 8.0.27 (MySQL Community Server - GPL). started with:
Tcp port: 0  Unix socket: /var/run/mysqld/mysqld.sock
Time                 Id Command    Argument
# Time: 2021-11-12T01:02:27.129856-00:00
# User@Host: root[root] @ localhost []  Id:     8
# Query_time: 2.160461  Lock_time: 0.212979 Rows_sent: 0  Rows_examined: 0
use mysql;
SET timestamp=1636678944;
INSERT INTO time_zone_transition (Time_zone_id, Transition_time, Transition_type_id) VALUES
 (@time_zone_id, -2147483648, 0)
,(@time_zone_id, -1441164064, 1)
,(@time_zone_id, -1247544000, 2)
,(@time_zone_id, 370724400, 3)
,(@time_zone_id, 386445600, 4)
,(@time_zone_id, 402256800, 2)
,(@time_zone_id, 417985200, 4)
,(@time_zone_id, 433792800, 2)
,(@time_zone_id, 449607600, 4)
,(@time_zone_id, 465339600, 5)
,(@time_zone_id, 481064400, 6)
,(@time_zone_id, 496789200, 5)
,(@time_zone_id, 512514000, 6)
,(@time_zone_id, 528238800, 5)
,(@time_zone_id, 543963600, 6)
,(@time_zone_id, 559688400, 5)
,(@time_zone_id, 575413200, 6)
,(@time_zone_id, 591138000, 5)
,(@time_zone_id, 606862800, 6)
,(@time_zone_id, 622587600, 5)
,(@time_zone_id, 638312400, 6)
,(@time_zone_id, 654642000, 5)
,(@time_zone_id, 670366800, 7)
,(@time_zone_id, 686095200, 8)
,(@time_zone_id, 695772000, 5)
,(@time_zone_id, 701816400, 6)
,(@time_zone_id, 717541200, 5)
,(@time_zone_id, 733266000, 6)
,(@time_zone_id, 748990800, 5)
,(@time_zone_id, 764715600, 6)
,(@time_zone_id, 780440400, 8)
,(@time_zone_id, 796168800, 7)
,(@time_zone_id, 811893600, 8)
,(@time_zone_id, 828223200, 7)
,(@time_zone_id, 846367200, 8)
,(@time_zone_id, 859672800, 7)
,(@time_zone_id, 877816800, 8)
,(@time_zone_id, 891122400, 7)
,(@time_zone_id, 909266400, 8)
,(@time_zone_id, 922572000, 7)
,(@time_zone_id, 941320800, 8)
,(@time_zone_id, 954021600, 7)
,(@time_zone_id, 972770400, 8)
,(@time_zone_id, 985471200, 7)
,(@time_zone_id, 1004220000, 8)
,(@time_zone_id, 1017525600, 7)
,(@time_zone_id, 1035669600, 8)
,(@time_zone_id, 1048975200, 7)
,(@time_zone_id, 1067119200, 8)
,(@time_zone_id, 1080424800, 7)
,(@time_zone_id, 1099173600, 5)
,(@time_zone_id, 2147483647, 5);
# Time: 2021-11-12T01:03:22.902832-00:00
# User@Host: root[root] @ localhost []  Id:     8
# Query_time: 1.928338  Lock_time: 0.000000 Rows_sent: 0  Rows_examined: 0
SET timestamp=1636679000;
COMMIT;
/usr/sbin/mysqld, Version: 8.0.27 (MySQL Community Server - GPL). started with:
Tcp port: 3306  Unix socket: /var/run/mysqld/mysqld.sock
Time                 Id Command    Argument
/usr/sbin/mysqld, Version: 8.0.27 (MySQL Community Server - GPL). started with:
Tcp port: 3306  Unix socket: /var/run/mysqld/mysqld.sock
Time                 Id Command    Argument
/usr/sbin/mysqld, Version: 8.0.27 (MySQL Community Server - GPL). started with:
Tcp port: 3306  Unix socket: /var/run/mysqld/mysqld.sock
Time                 Id Command    Argument
